# JRE version: OpenJDK Runtime Environment Temurin-17.0.6+10 (17.0.6+10) (build 17.0.6+10)
# Java VM: OpenJDK 64-Bit Server VM Temurin-17.0.6+10 (17.0.6+10, mixed mode, tiered, compressed oops, compressed class ptrs, g1 gc, windows-amd64)
GC Precious Log:
 CPUs: 4 total, 4 available
 Memory: 12210M
 Large Page Support: Disabled
 NUMA Support: Disabled
 Compressed Oops: Enabled (Zero based)
 Heap Region Size: 2M
 Heap Min Capacity: 8M
 Heap Initial Capacity: 192M
 Heap Max Capacity: 3054M
 Pre-touch: Disabled
 Parallel Workers: 4
 Concurrent Workers: 1
 Concurrent Refinement Workers: 4
 Periodic GC: Disabled
Heap:
 garbage-first heap   total 61440K, used 23806K [0x0000000741200000, 0x0000000800000000)
  region size 2048K, 6 young (12288K), 2 survivors (4096K)
 Metaspace       used 49135K, committed 49536K, reserved 1097728K
  class space    used 5814K, committed 6016K, reserved 1048576K
GC Heap History (20 events):
Event: 3.852 GC heap before
{Heap before GC invocations=5 (full 0):
 garbage-first heap   total 40960K, used 28414K [0x0000000741200000, 0x0000000800000000)
  region size 2048K, 12 young (24576K), 2 survivors (4096K)
 Metaspace       used 23789K, committed 24000K, reserved 1073152K
  class space    used 2480K, committed 2560K, reserved 1048576K
}
Event: 3.858 GC heap after
{Heap after GC invocations=6 (full 0):
 garbage-first heap   total 40960K, used 9081K [0x0000000741200000, 0x0000000800000000)
  region size 2048K, 2 young (4096K), 2 survivors (4096K)
 Metaspace       used 23789K, committed 24000K, reserved 1073152K
  class space    used 2480K, committed 2560K, reserved 1048576K
}
Event: 3.877 GC heap before
{Heap before GC invocations=6 (full 0):
 garbage-first heap   total 40960K, used 11129K [0x0000000741200000, 0x0000000800000000)
  region size 2048K, 3 young (6144K), 2 survivors (4096K)
 Metaspace       used 24011K, committed 24256K, reserved 1073152K
  class space    used 2511K, committed 2624K, reserved 1048576K
}
Event: 3.882 GC heap after
{Heap after GC invocations=7 (full 0):
 garbage-first heap   total 40960K, used 9369K [0x0000000741200000, 0x0000000800000000)
  region size 2048K, 1 young (2048K), 1 survivors (2048K)
 Metaspace       used 24011K, committed 24256K, reserved 1073152K
  class space    used 2511K, committed 2624K, reserved 1048576K
}
Event: 4.047 GC heap before
{Heap before GC invocations=7 (full 0):
 garbage-first heap   total 40960K, used 25753K [0x0000000741200000, 0x0000000800000000)
  region size 2048K, 9 young (18432K), 1 survivors (2048K)
 Metaspace       used 25360K, committed 25600K, reserved 1073152K
  class space    used 2689K, committed 2816K, reserved 1048576K
}
Event: 4.049 GC heap after
{Heap after GC invocations=8 (full 0):
 garbage-first heap   total 40960K, used 9226K [0x0000000741200000, 0x0000000800000000)
  region size 2048K, 1 young (2048K), 1 survivors (2048K)
 Metaspace       used 25360K, committed 25600K, reserved 1073152K
  class space    used 2689K, committed 2816K, reserved 1048576K
}
Event: 4.490 GC heap before
{Heap before GC invocations=8 (full 0):
 garbage-first heap   total 40960K, used 27658K [0x0000000741200000, 0x0000000800000000)
  region size 2048K, 10 young (20480K), 1 survivors (2048K)
 Metaspace       used 26938K, committed 27200K, reserved 1073152K
  class space    used 2894K, committed 3008K, reserved 1048576K
}
Event: 4.493 GC heap after
{Heap after GC invocations=9 (full 0):
 garbage-first heap   total 118784K, used 9788K [0x0000000741200000, 0x0000000800000000)
  region size 2048K, 1 young (2048K), 1 survivors (2048K)
 Metaspace       used 26938K, committed 27200K, reserved 1073152K
  class space    used 2894K, committed 3008K, reserved 1048576K
}
Event: 7.360 GC heap before
{Heap before GC invocations=9 (full 0):
 garbage-first heap   total 118784K, used 77372K [0x0000000741200000, 0x0000000800000000)
  region size 2048K, 34 young (69632K), 1 survivors (2048K)
 Metaspace       used 32287K, committed 32576K, reserved 1081344K
  class space    used 3593K, committed 3712K, reserved 1048576K
}
Event: 7.373 GC heap after
{Heap after GC invocations=10 (full 0):
 garbage-first heap   total 118784K, used 12377K [0x0000000741200000, 0x0000000800000000)
  region size 2048K, 2 young (4096K), 2 survivors (4096K)
 Metaspace       used 32287K, committed 32576K, reserved 1081344K
  class space    used 3593K, committed 3712K, reserved 1048576K
}
Event: 8.461 GC heap before
{Heap before GC invocations=10 (full 0):
 garbage-first heap   total 118784K, used 41049K [0x0000000741200000, 0x0000000800000000)
  region size 2048K, 17 young (34816K), 2 survivors (4096K)
 Metaspace       used 35674K, committed 35968K, reserved 1081344K
  class space    used 4062K, committed 4224K, reserved 1048576K
}
Event: 8.476 GC heap after
{Heap after GC invocations=11 (full 0):
 garbage-first heap   total 118784K, used 14340K [0x0000000741200000, 0x0000000800000000)
  region size 2048K, 3 young (6144K), 3 survivors (6144K)
 Metaspace       used 35674K, committed 35968K, reserved 1081344K
  class space    used 4062K, committed 4224K, reserved 1048576K
}
Event: 9.452 GC heap before
{Heap before GC invocations=12 (full 0):
 garbage-first heap   total 61440K, used 45060K [0x0000000741200000, 0x0000000800000000)
  region size 2048K, 18 young (36864K), 3 survivors (6144K)
 Metaspace       used 39179K, committed 39552K, reserved 1089536K
  class space    used 4451K, committed 4608K, reserved 1048576K
}
Event: 9.473 GC heap after
{Heap after GC invocations=13 (full 0):
 garbage-first heap   total 61440K, used 15731K [0x0000000741200000, 0x0000000800000000)
  region size 2048K, 2 young (4096K), 2 survivors (4096K)
 Metaspace       used 39179K, committed 39552K, reserved 1089536K
  class space    used 4451K, committed 4608K, reserved 1048576K
}
Event: 9.515 GC heap before
{Heap before GC invocations=13 (full 0):
 garbage-first heap   total 61440K, used 15731K [0x0000000741200000, 0x0000000800000000)
  region size 2048K, 3 young (6144K), 2 survivors (4096K)
 Metaspace       used 39463K, committed 39872K, reserved 1089536K
  class space    used 4473K, committed 4672K, reserved 1048576K
}
Event: 9.525 GC heap after
{Heap after GC invocations=14 (full 0):
 garbage-first heap   total 61440K, used 16160K [0x0000000741200000, 0x0000000800000000)
  region size 2048K, 1 young (2048K), 1 survivors (2048K)
 Metaspace       used 39463K, committed 39872K, reserved 1089536K
  class space    used 4473K, committed 4672K, reserved 1048576K
}
Event: 10.689 GC heap before
{Heap before GC invocations=14 (full 0):
 garbage-first heap   total 61440K, used 44832K [0x0000000741200000, 0x0000000800000000)
  region size 2048K, 16 young (32768K), 1 survivors (2048K)
 Metaspace       used 42642K, committed 43072K, reserved 1089536K
  class space    used 4850K, committed 5056K, reserved 1048576K
}
Event: 10.696 GC heap after
{Heap after GC invocations=15 (full 0):
 garbage-first heap   total 61440K, used 16534K [0x0000000741200000, 0x0000000800000000)
  region size 2048K, 1 young (2048K), 1 survivors (2048K)
 Metaspace       used 42642K, committed 43072K, reserved 1089536K
  class space    used 4850K, committed 5056K, reserved 1048576K
}
Event: 11.880 GC heap before
{Heap before GC invocations=15 (full 0):
 garbage-first heap   total 61440K, used 45206K [0x0000000741200000, 0x0000000800000000)
  region size 2048K, 16 young (32768K), 1 survivors (2048K)
 Metaspace       used 45586K, committed 45952K, reserved 1097728K
  class space    used 5251K, committed 5440K, reserved 1048576K
}
Event: 11.886 GC heap after
{Heap after GC invocations=16 (full 0):
 garbage-first heap   total 61440K, used 17220K [0x0000000741200000, 0x0000000800000000)
  region size 2048K, 1 young (2048K), 1 survivors (2048K)
 Metaspace       used 45586K, committed 45952K, reserved 1097728K
  class space    used 5251K, committed 5440K, reserved 1048576K
}

