# JRE version: OpenJDK Runtime Environment Temurin-17.0.6+10 (17.0.6+10) (build 17.0.6+10)
# Java VM: OpenJDK 64-Bit Server VM Temurin-17.0.6+10 (17.0.6+10, mixed mode, tiered, compressed oops, compressed class ptrs, g1 gc, windows-amd64)
GC Precious Log:
 CPUs: 4 total, 4 available
 Memory: 12210M
 Large Page Support: Disabled
 NUMA Support: Disabled
 Compressed Oops: Enabled (Zero based)
 Heap Region Size: 2M
 Heap Min Capacity: 8M
 Heap Initial Capacity: 192M
 Heap Max Capacity: 3054M
 Pre-touch: Disabled
 Parallel Workers: 4
 Concurrent Workers: 1
 Concurrent Refinement Workers: 4
 Periodic GC: Disabled
Heap:
 garbage-first heap   total 61440K, used 28346K [0x0000000741200000, 0x0000000800000000)
  region size 2048K, 7 young (14336K), 2 survivors (4096K)
 Metaspace       used 60546K, committed 60992K, reserved 1105920K
  class space    used 7709K, committed 7936K, reserved 1048576K
GC Heap History (20 events):
Event: 0.997 GC heap before
{Heap before GC invocations=1 (full 0):
 garbage-first heap   total 196608K, used 13756K [0x0000000741200000, 0x0000000800000000)
  region size 2048K, 5 young (10240K), 1 survivors (2048K)
 Metaspace       used 13289K, committed 13440K, reserved 1064960K
  class space    used 1329K, committed 1408K, reserved 1048576K
}
Event: 1.000 GC heap after
{Heap after GC invocations=2 (full 0):
 garbage-first heap   total 196608K, used 5991K [0x0000000741200000, 0x0000000800000000)
  region size 2048K, 1 young (2048K), 1 survivors (2048K)
 Metaspace       used 13289K, committed 13440K, reserved 1064960K
  class space    used 1329K, committed 1408K, reserved 1048576K
}
Event: 1.548 GC heap before
{Heap before GC invocations=2 (full 0):
 garbage-first heap   total 196608K, used 26471K [0x0000000741200000, 0x0000000800000000)
  region size 2048K, 11 young (22528K), 1 survivors (2048K)
 Metaspace       used 19690K, committed 19904K, reserved 1073152K
  class space    used 2078K, committed 2176K, reserved 1048576K
}
Event: 1.554 GC heap after
{Heap after GC invocations=3 (full 0):
 garbage-first heap   total 196608K, used 7991K [0x0000000741200000, 0x0000000800000000)
  region size 2048K, 2 young (4096K), 2 survivors (4096K)
 Metaspace       used 19690K, committed 19904K, reserved 1073152K
  class space    used 2078K, committed 2176K, reserved 1048576K
}
Event: 1.664 GC heap before
{Heap before GC invocations=3 (full 0):
 garbage-first heap   total 196608K, used 14135K [0x0000000741200000, 0x0000000800000000)
  region size 2048K, 6 young (12288K), 2 survivors (4096K)
 Metaspace       used 21372K, committed 21504K, reserved 1073152K
  class space    used 2290K, committed 2368K, reserved 1048576K
}
Event: 1.668 GC heap after
{Heap after GC invocations=4 (full 0):
 garbage-first heap   total 196608K, used 8240K [0x0000000741200000, 0x0000000800000000)
  region size 2048K, 2 young (4096K), 2 survivors (4096K)
 Metaspace       used 21372K, committed 21504K, reserved 1073152K
  class space    used 2290K, committed 2368K, reserved 1048576K
}
Event: 2.232 GC heap before
{Heap before GC invocations=5 (full 0):
 garbage-first heap   total 40960K, used 26672K [0x0000000741200000, 0x0000000800000000)
  region size 2048K, 12 young (24576K), 2 survivors (4096K)
 Metaspace       used 24848K, committed 25152K, reserved 1073152K
  class space    used 2744K, committed 2880K, reserved 1048576K
}
Event: 2.240 GC heap after
{Heap after GC invocations=6 (full 0):
 garbage-first heap   total 40960K, used 9835K [0x0000000741200000, 0x0000000800000000)
  region size 2048K, 1 young (2048K), 1 survivors (2048K)
 Metaspace       used 24848K, committed 25152K, reserved 1073152K
  class space    used 2744K, committed 2880K, reserved 1048576K
}
Event: 2.319 GC heap before
{Heap before GC invocations=6 (full 0):
 garbage-first heap   total 40960K, used 11883K [0x0000000741200000, 0x0000000800000000)
  region size 2048K, 2 young (4096K), 1 survivors (2048K)
 Metaspace       used 25096K, committed 25344K, reserved 1073152K
  class space    used 2777K, committed 2880K, reserved 1048576K
}
Event: 2.327 GC heap after
{Heap after GC invocations=7 (full 0):
 garbage-first heap   total 40960K, used 10193K [0x0000000741200000, 0x0000000800000000)
  region size 2048K, 1 young (2048K), 1 survivors (2048K)
 Metaspace       used 25096K, committed 25344K, reserved 1073152K
  class space    used 2777K, committed 2880K, reserved 1048576K
}
Event: 2.844 GC heap before
{Heap before GC invocations=7 (full 0):
 garbage-first heap   total 40960K, used 24529K [0x0000000741200000, 0x0000000800000000)
  region size 2048K, 8 young (16384K), 1 survivors (2048K)
 Metaspace       used 27094K, committed 27328K, reserved 1081344K
  class space    used 3029K, committed 3136K, reserved 1048576K
}
Event: 2.851 GC heap after
{Heap after GC invocations=8 (full 0):
 garbage-first heap   total 118784K, used 11139K [0x0000000741200000, 0x0000000800000000)
  region size 2048K, 1 young (2048K), 1 survivors (2048K)
 Metaspace       used 27094K, committed 27328K, reserved 1081344K
  class space    used 3029K, committed 3136K, reserved 1048576K
}
Event: 4.372 GC heap before
{Heap before GC invocations=8 (full 0):
 garbage-first heap   total 118784K, used 50051K [0x0000000741200000, 0x0000000800000000)
  region size 2048K, 21 young (43008K), 1 survivors (2048K)
 Metaspace       used 35858K, committed 36288K, reserved 1081344K
  class space    used 4192K, committed 4416K, reserved 1048576K
}
Event: 4.384 GC heap after
{Heap after GC invocations=9 (full 0):
 garbage-first heap   total 118784K, used 15419K [0x0000000741200000, 0x0000000800000000)
  region size 2048K, 3 young (6144K), 3 survivors (6144K)
 Metaspace       used 35858K, committed 36288K, reserved 1081344K
  class space    used 4192K, committed 4416K, reserved 1048576K
}
Event: 5.387 GC heap before
{Heap before GC invocations=10 (full 0):
 garbage-first heap   total 61440K, used 46139K [0x0000000741200000, 0x0000000800000000)
  region size 2048K, 18 young (36864K), 3 survivors (6144K)
 Metaspace       used 44199K, committed 44672K, reserved 1089536K
  class space    used 5287K, committed 5504K, reserved 1048576K
}
Event: 5.400 GC heap after
{Heap after GC invocations=11 (full 0):
 garbage-first heap   total 61440K, used 17456K [0x0000000741200000, 0x0000000800000000)
  region size 2048K, 2 young (4096K), 2 survivors (4096K)
 Metaspace       used 44199K, committed 44672K, reserved 1089536K
  class space    used 5287K, committed 5504K, reserved 1048576K
}
Event: 6.164 GC heap before
{Heap before GC invocations=11 (full 0):
 garbage-first heap   total 61440K, used 39984K [0x0000000741200000, 0x0000000800000000)
  region size 2048K, 14 young (28672K), 2 survivors (4096K)
 Metaspace       used 51110K, committed 51520K, reserved 1097728K
  class space    used 6276K, committed 6464K, reserved 1048576K
}
Event: 6.170 GC heap after
{Heap after GC invocations=12 (full 0):
 garbage-first heap   total 61440K, used 18847K [0x0000000741200000, 0x0000000800000000)
  region size 2048K, 2 young (4096K), 2 survivors (4096K)
 Metaspace       used 51110K, committed 51520K, reserved 1097728K
  class space    used 6276K, committed 6464K, reserved 1048576K
}
Event: 7.009 GC heap before
{Heap before GC invocations=12 (full 0):
 garbage-first heap   total 61440K, used 43423K [0x0000000741200000, 0x0000000800000000)
  region size 2048K, 15 young (30720K), 2 survivors (4096K)
 Metaspace       used 58523K, committed 58944K, reserved 1105920K
  class space    used 7503K, committed 7744K, reserved 1048576K
}
Event: 7.015 GC heap after
{Heap after GC invocations=13 (full 0):
 garbage-first heap   total 61440K, used 20154K [0x0000000741200000, 0x0000000800000000)
  region size 2048K, 2 young (4096K), 2 survivors (4096K)
 Metaspace       used 58523K, committed 58944K, reserved 1105920K
  class space    used 7503K, committed 7744K, reserved 1048576K
}

